<?xml version="1.0" encoding="utf-8"?><testsuites><testsuite name="pytest" errors="0" failures="0" skipped="0" tests="9" time="0.261" timestamp="2025-04-29T13:22:36.939694-06:00" hostname="ERiddoch-MBP-PAT.local"><testcase classname="tests.unit_tests.metaflow.test__validate_config" name="test_valid_json" time="0.001" /><testcase classname="tests.unit_tests.metaflow.test__validate_config" name="test_valid_yaml" time="0.001" /><testcase classname="tests.unit_tests.metaflow.test__validate_config" name="test_valid_toml" time="0.000" /><testcase classname="tests.unit_tests.metaflow.test__validate_config" name="test_invalid_json" time="0.001" /><testcase classname="tests.unit_tests.metaflow.test__validate_config" name="test_invalid_yaml" time="0.000" /><testcase classname="tests.unit_tests.metaflow.test__validate_config" name="test_invalid_schema" time="0.000" /><testcase classname="tests.unit_tests.metaflow.test__validate_config" name="test_missing_required_field[value: 42-yaml]" time="0.001" /><testcase classname="tests.unit_tests.metaflow.test__validate_config" name="test_missing_required_field[{&quot;value&quot;: 42}-json]" time="0.000" /><testcase classname="tests.unit_tests.metaflow.test__validate_config" name="test_missing_required_field[value = 42-toml]" time="0.001" /></testsuite></testsuites>